%!Adobe-FontList 1.25
%Locale:0x409

%BeginFont
Handler:DirectoryHandler
FontType:Type1
FontName:DeterminationSans
FamilyName:Determination Sans
StyleName:Regular
FullName:Determination Sans
MenuName:Determination Sans
StyleBits:0
WritingScript:Roman
OutlineFileName:D:\Godot\all-bark-no-bike\assets\Font\DTM-Sans.otf
DataFormat:sfntData
UsesStandardEncoding:yes
isCFF:yes
hasSVG:no
hasCOLR:no
VariableFontType:NonVariableFont
FileLength:24444
FileModTime:1761201264
WeightClass:400
WidthClass:5
AngleClass:0
NameArray:0,Mac,4,Determination Sans
NameArray:0,Win,1,Determination Sans
%EndFont

%BeginFont
Handler:DirectoryHandler
FontType:Invalid
OutlineFileName:D:\Godot\all-bark-no-bike\assets\Font\DTM-Sans.otf.import
FileModTime:1761623335
%EndFont

